<?xml version="1.0" encoding="UTF-8"?>
<testng-results ignored="0" total="2" passed="2" failed="0" skipped="0">
  <reporter-output>
  </reporter-output>
  <suite started-at="2025-08-30T21:13:30 IST" name="Master Suite" finished-at="2025-08-30T21:13:39 IST" duration-ms="8816">
    <groups>
      <group name="Master">
        <method signature="TC001_AccountRegistrationTest.verify_account_registration()[pri:0, instance:testCases.TC001_AccountRegistrationTest@2e2ff723]" name="verify_account_registration" class="testCases.TC001_AccountRegistrationTest"/>
        <method signature="TC002_LoginTest.verify_login()[pri:0, instance:testCases.TC002_LoginTest@487db668]" name="verify_login" class="testCases.TC002_LoginTest"/>
      </group> <!-- Master -->
      <group name="Sanity">
        <method signature="TC002_LoginTest.verify_login()[pri:0, instance:testCases.TC002_LoginTest@487db668]" name="verify_login" class="testCases.TC002_LoginTest"/>
      </group> <!-- Sanity -->
      <group name="Regression">
        <method signature="TC001_AccountRegistrationTest.verify_account_registration()[pri:0, instance:testCases.TC001_AccountRegistrationTest@2e2ff723]" name="verify_account_registration" class="testCases.TC001_AccountRegistrationTest"/>
      </group> <!-- Regression -->
    </groups>
    <test started-at="2025-08-30T21:13:30 IST" name="Master" finished-at="2025-08-30T21:13:39 IST" duration-ms="8816">
      <class name="testCases.TC002_LoginTest">
        <test-method is-config="true" signature="setUp(java.lang.String,java.lang.String)[pri:0, instance:testCases.TC002_LoginTest@487db668]" started-at="2025-08-30T21:13:35 IST" name="setUp" finished-at="2025-08-30T21:13:37 IST" duration-ms="1982" status="PASS">
          <params>
            <param index="0">
              <value>
                <![CDATA[Windows]]>
              </value>
            </param>
            <param index="1">
              <value>
                <![CDATA[chrome]]>
              </value>
            </param>
          </params>
          <reporter-output>
          </reporter-output>
        </test-method> <!-- setUp -->
        <test-method signature="verify_login()[pri:0, instance:testCases.TC002_LoginTest@487db668]" started-at="2025-08-30T21:13:37 IST" name="verify_login" finished-at="2025-08-30T21:13:39 IST" duration-ms="1703" status="PASS">
          <reporter-output>
          </reporter-output>
        </test-method> <!-- verify_login -->
        <test-method is-config="true" signature="tearDown()[pri:0, instance:testCases.TC002_LoginTest@487db668]" started-at="2025-08-30T21:13:39 IST" name="tearDown" finished-at="2025-08-30T21:13:39 IST" duration-ms="222" status="PASS">
          <reporter-output>
          </reporter-output>
        </test-method> <!-- tearDown -->
      </class> <!-- testCases.TC002_LoginTest -->
      <class name="testCases.TC001_AccountRegistrationTest">
        <test-method is-config="true" signature="setUp(java.lang.String,java.lang.String)[pri:0, instance:testCases.TC001_AccountRegistrationTest@2e2ff723]" started-at="2025-08-30T21:13:31 IST" name="setUp" finished-at="2025-08-30T21:13:33 IST" duration-ms="2542" status="PASS">
          <params>
            <param index="0">
              <value>
                <![CDATA[Windows]]>
              </value>
            </param>
            <param index="1">
              <value>
                <![CDATA[chrome]]>
              </value>
            </param>
          </params>
          <reporter-output>
          </reporter-output>
        </test-method> <!-- setUp -->
        <test-method signature="verify_account_registration()[pri:0, instance:testCases.TC001_AccountRegistrationTest@2e2ff723]" started-at="2025-08-30T21:13:33 IST" name="verify_account_registration" finished-at="2025-08-30T21:13:35 IST" duration-ms="2005" status="PASS">
          <reporter-output>
          </reporter-output>
        </test-method> <!-- verify_account_registration -->
        <test-method is-config="true" signature="tearDown()[pri:0, instance:testCases.TC001_AccountRegistrationTest@2e2ff723]" started-at="2025-08-30T21:13:35 IST" name="tearDown" finished-at="2025-08-30T21:13:35 IST" duration-ms="155" status="PASS">
          <reporter-output>
          </reporter-output>
        </test-method> <!-- tearDown -->
      </class> <!-- testCases.TC001_AccountRegistrationTest -->
    </test> <!-- Master -->
  </suite> <!-- Master Suite -->
</testng-results>
